SF:lib\core\usecase\usecase.dart
DA:11,0
DA:12,0
LF:2
LH:0
end_of_record
SF:lib\core\error\exceptions.dart
DA:4,2
LF:1
LH:1
end_of_record
SF:lib\core\error\failure.dart
DA:5,14
DA:11,14
DA:13,1
DA:14,2
DA:18,0
DA:19,0
DA:23,0
DA:24,0
LF:8
LH:4
end_of_record
SF:lib\core\localization\generated\strings.dart
DA:63,9
DA:67,0
DA:68,0
DA:284,11
DA:286,3
DA:288,6
DA:291,3
DA:292,9
DA:294,0
DA:298,3
DA:302,3
DA:303,6
DA:304,0
DA:307,0
LF:14
LH:9
end_of_record
SF:lib\core\localization\generated\strings_en.dart
DA:5,6
DA:7,0
DA:10,0
DA:13,0
DA:16,0
DA:19,0
DA:22,0
DA:25,0
DA:28,0
DA:31,0
DA:34,0
DA:37,0
DA:40,0
DA:43,0
DA:46,0
DA:49,0
DA:52,0
DA:55,0
DA:58,0
DA:61,0
DA:64,0
DA:67,0
DA:70,0
DA:73,0
DA:76,0
DA:79,0
DA:82,0
DA:85,0
DA:88,0
DA:91,0
DA:94,0
DA:97,0
LF:32
LH:1
end_of_record
SF:lib\core\localization\generated\strings_fa.dart
DA:5,0
DA:7,0
DA:10,0
DA:13,0
DA:16,0
DA:19,0
DA:22,0
DA:25,0
DA:28,0
DA:31,0
DA:34,0
DA:37,0
DA:40,0
DA:43,0
DA:46,0
DA:49,0
DA:52,0
DA:55,0
DA:58,0
DA:61,0
DA:64,0
DA:67,0
DA:70,0
DA:73,0
DA:76,0
DA:79,0
DA:82,0
DA:85,0
DA:88,0
DA:91,0
DA:94,0
DA:97,0
LF:32
LH:0
end_of_record
SF:lib\core\localization\l10n.dart
DA:4,0
DA:6,0
DA:11,0
DA:13,0
LF:4
LH:0
end_of_record
SF:lib\core\utils\ext\context.dart
DA:7,0
DA:8,0
DA:10,0
DA:13,0
DA:15,0
DA:16,0
DA:18,0
DA:19,0
DA:21,0
DA:22,0
DA:25,0
DA:29,0
DA:30,0
DA:32,0
DA:35,0
DA:36,0
DA:38,0
DA:42,0
DA:44,0
DA:47,0
DA:50,0
DA:51,0
DA:52,0
DA:54,0
DA:55,0
DA:56,0
DA:58,0
DA:60,0
DA:61,0
DA:62,0
DA:70,0
DA:72,0
LF:32
LH:0
end_of_record
SF:lib\core\utils\ext\string.dart
DA:8,0
DA:9,0
DA:11,0
DA:14,0
DA:16,0
DA:19,0
DA:21,0
DA:22,0
DA:33,0
DA:37,0
DA:39,0
DA:42,0
DA:45,0
DA:46,0
DA:57,0
DA:61,0
DA:63,0
DA:65,0
DA:67,0
DA:68,0
DA:79,0
LF:21
LH:0
end_of_record
SF:lib\core\utils\helper\common.dart
DA:3,3
DA:4,1
LF:2
LH:2
end_of_record
SF:lib\core\utils\helper\constant.dart
DA:2,0
DA:4,0
LF:2
LH:0
end_of_record
SF:lib\core\utils\params\defaultParams.dart
DA:6,2
DA:8,2
DA:10,2
DA:22,4
LF:4
LH:4
end_of_record
SF:lib\core\utils\socket\api\base_send_api.dart
DA:2,1
LF:1
LH:1
end_of_record
SF:lib\core\utils\socket\api\connect_send_api.dart
DA:4,1
DA:11,0
DA:12,0
DA:13,0
DA:16,1
DA:17,1
DA:18,2
DA:19,2
LF:8
LH:5
end_of_record
SF:lib\core\utils\socket\socket_message_listener\socket_message_listener.dart
DA:7,1
DA:9,1
DA:10,3
DA:11,2
DA:12,1
DA:13,1
DA:14,5
DA:15,6
DA:16,4
DA:17,4
DA:18,2
DA:19,1
DA:23,4
DA:24,0
DA:25,0
DA:26,0
DA:27,0
DA:33,1
DA:35,1
DA:36,4
DA:37,6
DA:38,2
DA:39,4
DA:40,1
DA:41,1
DA:42,1
DA:43,1
DA:44,1
DA:45,1
DA:46,1
DA:47,2
DA:48,1
DA:52,4
DA:53,0
DA:54,0
DA:55,0
DA:56,0
DA:57,0
DA:58,0
DA:59,0
DA:60,0
DA:61,0
DA:62,0
DA:63,0
DA:76,1
DA:84,1
LF:46
LH:31
end_of_record
SF:lib\core\utils\theme\dimens.dart
DA:4,0
DA:6,0
DA:7,0
DA:8,0
DA:9,0
DA:10,0
DA:11,0
DA:12,0
DA:13,0
DA:14,0
DA:15,0
DA:16,0
DA:17,0
DA:18,0
DA:20,6
DA:21,0
DA:22,3
DA:23,0
DA:24,3
DA:25,0
DA:26,0
DA:27,6
DA:28,3
DA:29,0
DA:30,0
DA:31,0
DA:32,3
DA:33,3
DA:34,6
DA:35,0
DA:36,0
DA:37,0
DA:38,6
DA:39,3
DA:40,0
DA:41,3
DA:42,6
DA:44,0
DA:45,0
DA:46,0
DA:47,0
DA:48,0
DA:49,0
DA:50,0
DA:51,0
DA:53,0
DA:54,0
DA:55,0
DA:56,0
DA:57,0
DA:59,0
DA:60,0
LF:52
LH:12
end_of_record
SF:lib\core\utils\theme\material_theme.dart
DA:3,0
DA:4,0
DA:5,0
DA:16,0
DA:17,0
DA:18,0
DA:19,0
DA:23,0
DA:24,0
DA:27,0
DA:29,0
DA:30,0
DA:35,0
DA:41,0
LF:14
LH:0
end_of_record
SF:lib\core\utils\theme\palette.dart
DA:55,0
LF:1
LH:0
end_of_record
SF:lib\core\utils\theme\styles.dart
DA:7,0
DA:15,0
DA:16,0
DA:17,0
DA:18,0
DA:19,0
DA:20,0
DA:21,0
DA:22,0
DA:23,0
DA:24,0
DA:25,0
DA:26,0
DA:27,0
DA:28,0
DA:29,0
DA:31,0
DA:32,0
DA:38,0
DA:42,0
DA:45,0
DA:46,0
DA:47,0
DA:48,0
DA:49,0
DA:50,0
DA:51,0
DA:52,0
DA:53,0
DA:54,0
DA:55,0
DA:56,0
DA:57,0
DA:58,0
DA:59,0
DA:60,0
DA:62,0
DA:63,0
DA:69,0
DA:70,0
DA:75,0
DA:77,0
DA:78,0
DA:81,0
DA:85,0
DA:86,0
DA:89,0
DA:93,0
DA:94,0
DA:101,0
DA:102,0
DA:109,0
DA:110,0
DA:117,0
DA:118,0
DA:125,0
DA:126,0
DA:133,0
DA:134,0
DA:141,0
DA:142,0
DA:149,0
DA:150,0
DA:157,0
DA:158,0
DA:165,0
DA:166,0
DA:173,0
DA:174,0
DA:184,0
DA:186,0
DA:192,0
DA:198,0
DA:204,0
DA:213,0
DA:223,0
LF:76
LH:0
end_of_record
SF:lib\core\widgets\responsive\responsive.dart
DA:9,0
DA:15,0
DA:20,0
DA:22,0
DA:24,0
DA:26,0
DA:28,0
DA:30,0
DA:32,0
DA:33,0
DA:36,0
DA:37,0
DA:40,0
DA:41,0
DA:45,0
LF:15
LH:0
end_of_record
SF:lib\di\di.dart
DA:9,18
DA:11,6
DA:14,6
DA:15,12
DA:17,12
DA:18,18
DA:19,6
DA:21,18
DA:22,18
DA:23,6
DA:24,6
DA:25,6
DA:26,6
DA:28,0
DA:29,0
DA:30,0
DA:31,0
DA:32,0
DA:33,0
DA:38,6
DA:39,18
DA:43,6
DA:44,12
DA:45,0
DA:50,6
DA:51,12
DA:54,6
DA:56,12
DA:59,6
DA:60,12
LF:30
LH:23
end_of_record
SF:lib\feature\data\data_sources\socket\socket.dart
DA:14,3
DA:16,0
DA:18,14
DA:22,1
DA:24,3
DA:26,6
DA:28,4
DA:29,0
DA:33,0
DA:34,0
DA:35,0
DA:36,0
DA:37,0
DA:39,0
DA:42,0
DA:43,0
DA:67,0
DA:68,0
DA:70,0
DA:74,1
DA:76,1
DA:77,1
DA:78,1
DA:84,0
DA:85,0
DA:88,0
DA:89,0
DA:94,1
DA:96,2
DA:97,0
DA:99,1
LF:31
LH:13
end_of_record
SF:lib\feature\data\data_sources\dio\dio_datasources.dart
DA:15,1
DA:17,1
DA:20,2
DA:24,2
DA:25,2
DA:34,1
DA:36,1
DA:37,2
LF:8
LH:8
end_of_record
SF:lib\feature\data\data_sources\dio\dio_services\list_api.dart
DA:2,0
LF:1
LH:0
end_of_record
SF:lib\feature\data\data_sources\dio\dio_services\dio_client.dart
DA:10,6
DA:11,6
DA:13,12
DA:15,6
DA:18,1
DA:19,1
DA:21,1
DA:23,0
DA:25,0
DA:27,0
DA:31,12
DA:32,6
DA:34,6
DA:43,1
DA:44,1
DA:49,1
DA:54,2
DA:71,0
DA:72,0
DA:76,0
DA:81,0
DA:82,0
DA:83,0
LF:23
LH:14
end_of_record
SF:lib\feature\data\data_sources\dio\dio_services\dio_interceptor.dart
DA:7,0
DA:10,0
DA:13,0
DA:14,0
DA:15,0
DA:21,0
DA:22,0
DA:24,0
DA:31,0
DA:38,0
DA:41,0
DA:43,0
DA:44,0
DA:45,0
DA:53,0
DA:56,0
DA:59,0
DA:62,0
DA:63,0
DA:65,0
DA:71,0
LF:21
LH:0
end_of_record
SF:lib\feature\data\data_sources\local\pref_manager.dart
DA:30,3
DA:33,0
DA:35,0
DA:38,0
DA:40,0
DA:42,0
DA:44,0
DA:46,0
DA:48,0
DA:50,0
DA:52,0
DA:54,0
DA:56,0
DA:58,0
DA:60,0
DA:62,0
DA:64,0
DA:67,0
DA:69,12
DA:72,4
DA:74,5
DA:76,0
LF:22
LH:4
end_of_record
SF:lib\feature\data\models\dio\live_score_model.dart
DA:4,1
DA:8,1
DA:10,8
DA:11,56
DA:12,56
DA:13,24
DA:16,1
DA:17,1
DA:18,6
DA:19,6
DA:20,2
DA:26,1
DA:41,8
DA:42,16
DA:43,16
DA:44,16
DA:45,16
DA:46,8
DA:47,56
DA:50,1
DA:51,1
DA:52,2
DA:53,2
DA:54,2
DA:55,2
DA:56,2
DA:57,6
DA:63,1
DA:70,8
DA:71,16
DA:72,24
DA:75,1
DA:76,1
DA:77,2
DA:78,2
DA:84,2
DA:177,8
DA:178,16
DA:179,16
DA:180,16
DA:181,25
DA:182,25
DA:183,25
DA:184,25
DA:185,25
DA:186,24
DA:187,16
DA:188,16
DA:189,16
DA:190,16
DA:191,16
DA:192,16
DA:193,16
DA:194,16
DA:195,16
DA:196,16
DA:197,16
DA:198,16
DA:199,16
DA:200,16
DA:201,16
DA:202,16
DA:203,16
DA:204,16
DA:205,16
DA:206,16
DA:207,16
DA:208,16
DA:209,16
DA:210,16
DA:211,16
DA:212,16
DA:213,16
DA:214,16
DA:215,16
DA:216,16
DA:217,16
DA:218,16
DA:219,16
DA:220,16
DA:221,16
DA:222,16
DA:225,1
DA:226,1
DA:227,2
DA:228,2
DA:229,2
DA:230,3
DA:231,3
DA:232,3
DA:233,3
DA:234,3
DA:235,3
DA:236,2
DA:237,2
DA:238,2
DA:239,2
DA:240,2
DA:241,2
DA:242,2
DA:243,2
DA:244,2
DA:245,2
DA:246,2
DA:247,2
DA:248,2
DA:249,2
DA:250,2
DA:251,2
DA:252,2
DA:253,2
DA:254,2
DA:255,2
DA:256,2
DA:257,2
DA:258,2
DA:259,2
DA:260,2
DA:261,2
DA:262,2
DA:263,2
DA:264,2
DA:265,2
DA:266,2
DA:267,2
DA:268,2
DA:269,2
DA:270,2
DA:271,2
DA:275,1
DA:322,1
DA:323,1
DA:324,1
DA:325,1
DA:326,1
DA:327,1
DA:328,1
DA:329,1
DA:330,1
DA:331,1
DA:332,1
DA:333,1
DA:334,1
DA:335,1
DA:336,1
DA:337,1
DA:338,1
DA:339,1
DA:340,1
DA:341,1
DA:342,1
DA:343,1
DA:344,1
DA:345,1
DA:346,1
DA:347,1
DA:348,1
DA:349,1
DA:350,1
DA:351,1
DA:352,1
DA:353,1
DA:354,1
DA:355,1
DA:356,1
DA:357,1
DA:358,1
DA:359,1
DA:360,1
DA:361,1
DA:362,1
DA:363,1
DA:364,1
DA:365,1
DA:366,0
DA:367,1
DA:373,1
DA:380,8
DA:381,16
DA:382,16
DA:385,1
DA:386,1
DA:387,2
DA:388,2
DA:394,1
DA:401,8
DA:402,16
DA:403,16
DA:406,1
DA:407,1
DA:408,2
DA:409,2
DA:415,1
DA:422,8
DA:423,16
DA:424,16
DA:427,1
DA:428,1
DA:429,2
DA:430,2
DA:436,1
DA:443,8
DA:444,16
DA:445,16
DA:448,1
DA:449,1
DA:450,2
DA:451,2
DA:457,1
DA:464,8
DA:465,16
DA:466,16
DA:469,1
DA:470,1
DA:471,2
DA:472,2
DA:478,1
DA:485,8
DA:486,16
DA:487,16
DA:490,1
DA:491,1
DA:492,2
DA:493,2
LF:224
LH:223
end_of_record
SF:lib\feature\domain\entities\dio\live_score_entity.dart
DA:9,8
DA:11,3
DA:13,12
DA:15,0
DA:19,0
DA:24,0
DA:25,0
DA:26,0
DA:27,0
LF:9
LH:3
end_of_record
SF:lib\feature\data\repositories\dio_repository_impl.dart
DA:12,1
DA:14,1
DA:17,2
DA:19,4
DA:21,1
DA:22,1
DA:23,3
LF:7
LH:7
end_of_record
SF:lib\feature\domain\usecases\dio\get_live_score.dart
DA:8,1
DA:10,1
DA:12,2
LF:3
LH:3
end_of_record
SF:lib\feature\presentation\manager\live_score_cubit\live_score_state.dart
DA:4,19
DA:8,1
DA:10,1
DA:14,0
DA:16,0
DA:26,19
DA:32,4
DA:34,2
DA:41,2
DA:42,0
DA:43,1
DA:44,0
DA:45,2
DA:46,2
DA:50,1
DA:51,1
LF:16
LH:12
end_of_record
SF:lib\feature\presentation\manager\live_score_cubit\live_score_cubit.dart
DA:14,3
DA:16,1
DA:18,2
DA:20,1
DA:21,1
DA:22,1
DA:23,2
DA:26,1
DA:28,2
DA:29,1
DA:34,1
DA:35,3
DA:36,0
DA:37,0
DA:38,0
DA:39,0
DA:42,0
DA:43,0
DA:44,0
DA:46,0
DA:49,0
DA:50,0
DA:51,0
DA:52,0
DA:53,0
DA:54,0
DA:55,0
DA:64,0
DA:65,0
DA:164,0
DA:165,0
DA:166,0
DA:168,0
DA:169,0
DA:171,0
DA:172,0
DA:173,0
DA:174,0
DA:175,0
DA:176,0
DA:182,0
DA:183,0
DA:185,0
DA:186,0
DA:187,0
DA:193,0
DA:194,0
DA:197,0
DA:198,0
LF:49
LH:12
end_of_record
SF:lib\feature\presentation\manager\settings\settings_cubit.dart
DA:10,2
DA:12,0
DA:13,0
DA:16,1
DA:17,6
DA:20,1
DA:21,6
LF:7
LH:5
end_of_record
SF:lib\feature\presentation\manager\settings\settings_state.dart
DA:8,15
DA:10,1
DA:12,4
DA:14,0
DA:19,0
DA:20,0
DA:21,0
DA:22,0
LF:8
LH:3
end_of_record
SF:lib\feature\presentation\pages\app_route.dart
DA:6,0
DA:16,0
DA:17,0
DA:18,0
DA:19,0
DA:20,0
LF:6
LH:0
end_of_record
SF:lib\feature\presentation\pages\guide\guide.dart
DA:15,11
DA:17,0
DA:19,0
DA:20,0
DA:29,0
DA:31,0
DA:32,0
DA:33,0
DA:35,0
DA:36,0
DA:40,0
DA:41,0
DA:42,0
DA:46,0
DA:47,0
DA:48,0
DA:52,0
DA:54,0
DA:55,0
DA:58,0
DA:60,0
DA:61,0
DA:62,0
DA:63,0
DA:64,0
DA:66,0
DA:67,0
DA:68,0
DA:69,0
DA:70,0
DA:71,0
DA:72,0
DA:73,0
DA:75,0
DA:76,0
DA:77,0
DA:80,0
DA:87,0
DA:88,0
DA:89,0
DA:92,0
DA:93,0
DA:94,0
DA:97,0
DA:100,0
DA:101,0
DA:106,0
DA:107,0
DA:108,0
DA:111,0
DA:112,0
DA:113,0
DA:115,0
DA:116,0
DA:124,0
DA:125,0
DA:128,0
DA:131,0
DA:132,0
DA:134,0
DA:137,0
DA:138,0
DA:139,0
DA:142,0
DA:143,0
DA:144,0
DA:146,0
DA:147,0
LF:68
LH:1
end_of_record
SF:lib\generated\assets.dart
DA:3,0
LF:1
LH:0
end_of_record
SF:lib\feature\presentation\pages\main\home\home.dart
DA:18,12
DA:20,0
DA:22,1
DA:23,1
DA:41,1
DA:44,1
DA:46,5
DA:47,6
DA:49,2
DA:51,0
DA:63,1
DA:64,1
DA:65,4
DA:68,0
DA:69,0
DA:70,0
DA:74,0
DA:75,0
DA:76,0
DA:79,1
DA:81,2
DA:82,2
DA:83,1
DA:86,1
DA:88,1
DA:89,1
DA:90,1
DA:91,1
DA:102,1
DA:104,1
DA:105,1
DA:106,1
DA:111,1
DA:112,1
DA:113,1
DA:117,1
DA:118,1
DA:120,1
DA:121,2
DA:125,0
DA:127,0
DA:128,0
DA:136,2
DA:137,1
DA:138,1
DA:139,1
DA:147,3
DA:148,1
DA:150,1
DA:153,1
DA:154,1
DA:155,1
DA:156,1
DA:157,1
DA:159,1
DA:160,1
DA:161,2
DA:162,1
DA:164,2
DA:166,3
DA:167,1
DA:168,2
DA:169,1
DA:171,1
DA:174,1
DA:175,1
DA:178,1
DA:179,1
DA:180,1
DA:181,1
DA:182,1
DA:183,8
DA:184,9
DA:194,1
DA:196,1
DA:197,1
DA:198,1
DA:201,1
DA:202,1
DA:204,1
DA:205,1
DA:206,3
DA:210,1
DA:211,2
DA:214,0
DA:215,0
DA:217,0
DA:219,0
DA:220,0
DA:222,1
DA:223,8
DA:226,1
DA:233,1
DA:234,1
DA:243,1
DA:244,1
DA:246,3
LF:97
LH:81
end_of_record
SF:lib\feature\presentation\pages\main\league\league.dart
DA:19,12
DA:21,0
DA:23,1
DA:24,1
DA:45,1
DA:48,1
DA:49,2
DA:50,0
DA:51,0
DA:52,0
DA:53,0
DA:54,0
DA:59,2
DA:60,0
DA:64,1
DA:65,1
DA:66,4
DA:69,0
DA:70,0
DA:71,0
DA:75,0
DA:76,0
DA:77,0
DA:81,0
DA:82,0
DA:83,0
DA:86,1
DA:88,2
DA:89,2
DA:90,2
DA:91,1
DA:94,1
DA:96,1
DA:97,1
DA:98,1
DA:99,1
DA:101,1
DA:103,1
DA:133,1
DA:134,1
DA:135,1
DA:139,1
DA:140,1
DA:142,1
DA:143,2
DA:147,0
DA:149,0
DA:150,0
DA:157,2
DA:158,1
DA:159,1
DA:160,1
DA:168,3
DA:169,1
DA:171,1
DA:174,1
DA:175,1
DA:176,1
DA:177,1
DA:178,1
DA:180,1
DA:181,0
DA:182,0
DA:183,0
DA:186,2
DA:187,1
DA:188,2
DA:189,1
DA:191,7
DA:192,8
DA:193,2
DA:195,1
DA:196,1
DA:199,1
DA:200,1
DA:201,1
DA:204,1
DA:206,1
DA:207,3
DA:208,1
DA:210,1
DA:211,1
DA:214,1
DA:215,1
DA:218,1
DA:219,1
DA:220,1
DA:221,1
DA:222,1
DA:225,1
DA:226,1
DA:234,1
DA:235,6
DA:236,7
DA:237,7
DA:250,1
DA:251,1
DA:252,1
DA:254,1
DA:255,6
DA:256,7
DA:257,0
DA:260,0
DA:264,0
DA:271,0
DA:273,1
DA:274,6
DA:275,0
DA:276,0
DA:277,0
DA:290,1
DA:291,1
DA:293,1
DA:294,1
DA:295,1
DA:296,1
DA:297,6
DA:298,7
DA:299,7
DA:309,1
DA:310,1
DA:312,1
DA:315,1
DA:316,1
DA:319,1
DA:320,1
DA:321,1
DA:322,1
DA:323,1
DA:324,6
DA:325,7
DA:326,7
DA:328,8
DA:338,1
DA:339,1
DA:340,1
DA:341,1
DA:342,6
DA:343,7
DA:344,7
DA:345,0
DA:346,0
DA:347,0
DA:360,1
DA:362,2
DA:364,1
DA:367,1
DA:368,1
DA:369,1
DA:370,1
DA:371,1
DA:372,7
DA:373,1
DA:374,6
DA:375,7
DA:376,7
DA:387,1
DA:388,1
DA:389,1
DA:390,1
DA:391,6
DA:392,7
DA:393,7
DA:394,0
DA:395,0
DA:396,0
DA:415,1
DA:416,1
DA:424,2
DA:425,1
DA:426,1
DA:428,2
LF:172
LH:137
end_of_record
SF:lib\feature\presentation\pages\splashscreen\splash_screen_page.dart
DA:14,11
DA:16,0
DA:17,0
DA:32,0
DA:34,0
DA:35,0
DA:40,0
DA:41,0
DA:42,0
DA:44,0
DA:45,0
DA:49,0
DA:50,0
DA:51,0
DA:52,0
DA:56,0
DA:57,0
DA:58,0
DA:59,0
DA:61,0
DA:62,0
DA:66,0
DA:67,0
DA:68,0
DA:72,0
DA:74,0
DA:75,0
DA:76,0
DA:77,0
DA:80,0
DA:81,0
DA:83,0
DA:84,0
DA:95,0
DA:96,0
DA:98,0
DA:102,0
DA:118,0
DA:119,0
DA:121,0
DA:122,0
LF:41
LH:1
end_of_record
SF:lib\feature\presentation\widgets\color_loaders.dart
DA:10,11
DA:12,0
DA:13,0
DA:26,0
DA:28,0
DA:30,0
DA:31,0
DA:33,0
DA:38,0
DA:39,0
DA:40,0
DA:45,0
DA:46,0
DA:47,0
DA:52,0
DA:53,0
DA:54,0
DA:59,0
DA:60,0
DA:61,0
DA:62,0
DA:63,0
DA:64,0
DA:71,0
DA:74,0
DA:76,0
DA:80,0
DA:81,0
DA:82,0
DA:83,0
DA:84,0
DA:85,0
DA:86,0
DA:88,0
DA:89,0
DA:93,0
DA:94,0
DA:95,0
DA:96,0
DA:98,0
DA:99,0
DA:103,0
DA:104,0
DA:105,0
DA:106,0
DA:108,0
DA:109,0
DA:113,0
DA:114,0
DA:115,0
DA:116,0
DA:118,0
DA:119,0
DA:123,0
DA:124,0
DA:125,0
DA:126,0
DA:128,0
DA:129,0
DA:133,0
DA:134,0
DA:135,0
DA:136,0
DA:138,0
DA:139,0
DA:143,0
DA:144,0
DA:145,0
DA:146,0
DA:148,0
DA:149,0
DA:153,0
DA:154,0
DA:155,0
DA:156,0
DA:158,0
DA:160,0
DA:161,0
DA:162,0
DA:163,0
DA:165,0
DA:175,0
DA:177,0
DA:178,0
DA:186,0
DA:188,0
DA:190,0
DA:191,0
DA:192,0
DA:193,0
DA:194,0
LF:91
LH:1
end_of_record
SF:lib\feature\presentation\widgets\loading.dart
DA:12,11
DA:16,0
DA:18,0
DA:19,0
DA:21,0
DA:23,0
DA:24,0
DA:25,0
DA:26,0
DA:27,0
LF:10
LH:1
end_of_record
SF:lib\feature\presentation\widgets\parent.dart
DA:25,3
DA:38,2
DA:40,3
DA:41,3
DA:48,3
DA:50,3
DA:51,9
DA:54,3
DA:56,3
DA:59,1
DA:60,2
DA:61,0
DA:62,0
DA:63,2
DA:64,2
DA:70,0
DA:71,1
DA:72,5
DA:73,0
DA:74,5
DA:75,0
DA:77,1
DA:81,5
DA:84,2
DA:86,3
DA:87,6
DA:88,6
DA:89,6
DA:90,6
DA:91,6
DA:92,6
DA:93,6
DA:94,6
DA:95,6
DA:96,6
LF:35
LH:30
end_of_record
SF:lib\feature\presentation\widgets\toast.dart
DA:16,0
DA:17,0
DA:19,0
DA:21,0
DA:23,0
DA:24,0
DA:25,0
DA:26,0
DA:27,0
DA:29,0
DA:30,0
DA:32,0
DA:33,0
DA:34,0
DA:35,0
DA:37,0
DA:38,0
DA:40,0
DA:41,0
DA:42,0
DA:43,0
DA:44,0
DA:45,0
DA:46,0
DA:47,0
LF:25
LH:0
end_of_record
